#
# A fatal error has been detected by the Java Runtime Environment:
#
#  Internal Error (0xc0020001), pid=660, tid=7768
#
# JRE version: Java(TM) SE Runtime Environment (7.0_71-b14) (build 1.7.0_71-b14)
# Java VM: Java HotSpot(TM) Client VM (24.71-b01 mixed mode, sharing windows-x86 )
# Problematic frame:
# C  [KERNELBASE.dll+0x12f71]
#
# Failed to write core dump. Minidumps are not enabled by default on client versions of Windows
#
# If you would like to submit a bug report, please visit:
#   http://bugreport.sun.com/bugreport/crash.jsp
# The crash happened outside the Java Virtual Machine in native code.
# See problematic frame for where to report the bug.
#

---------------  T H R E A D  ---------------

Current thread (0x077b5800):  JavaThread "Thread-2" daemon [_thread_in_native, id=7768, stack(0x0c490000,0x0c590000)]

siginfo: ExceptionCode=0xc0020001, ExceptionInformation=0x8007042b 

Registers:
EAX=0x0c58e2d0, EBX=0x348bcd50, ECX=0x00000001, EDX=0x00000000
ESP=0x0c58e2d0, EBP=0x0c58e32c, ESI=0x0b973ec0, EDI=0x077b5800
EIP=0x76922f71, EFLAGS=0x00000212

Top of Stack: (sp=0x0c58e2d0)
0x0c58e2d0:   c0020001 00000001 00000000 76922f71
0x0c58e2e0:   00000001 8007042b 0c58e33c 0c58e2fc
0x0c58e2f0:   683c0504 0c58e33c 077b5800 0c58e354
0x0c58e300:   6841c2c1 348d6ba6 348d6ba6 68407668
0x0c58e310:   0000004a 077b5800 00000000 0c58e34c
0x0c58e320:   68468b0a 609188b5 39307a70 0c58e348
0x0c58e330:   6c94f47b c0020001 00000001 00000001
0x0c58e340:   0c58e344 8007042b 0c58e358 6c8de29e 

Instructions: (pc=0x76922f71)
0x76922f51:   e0 01 c7 44 24 0c 29 2f 92 76 89 44 24 04 85 c9
0x76922f61:   75 1f 21 4c 24 10 8d 04 24 50 ff 15 28 13 9d 76
0x76922f71:   8b 4c 24 54 33 cc e8 88 a1 ff ff 8b e5 5d c2 10
0x76922f81:   00 8b 45 10 83 f8 0f 77 18 89 44 24 10 c1 e0 02 


Register to memory mapping:

EAX=0x0c58e2d0 is pointing into the stack for thread: 0x077b5800
EBX=0x348bcd50 is an oop
{method} 
 - klass: {other class}
ECX=0x00000001 is an unknown value
EDX=0x00000000 is an unknown value
ESP=0x0c58e2d0 is pointing into the stack for thread: 0x077b5800
EBP=0x0c58e32c is pointing into the stack for thread: 0x077b5800
ESI=0x0b973ec0 is an unknown value
EDI=0x077b5800 is a thread


Stack: [0x0c490000,0x0c590000],  sp=0x0c58e2d0,  free space=1016k
Native frames: (J=compiled Java code, j=interpreted, Vv=VM code, C=native code)
C  [KERNELBASE.dll+0x12f71]
C  [mscorwks.dll+0x24f47b]
C  [mscorwks.dll+0x1de29e]
C  [mscorwks.dll+0x1e8d]
j  flash.tools.debugger.__IProgress.setProgress(II)V+0
j  flash.tools.debugger.concrete.PlayerSessionManager.accept(Lflash/tools/debugger/concrete/ProcessListener;Lflash/tools/debugger/IProgress;)Lflash/tools/debugger/Session;+96
j  flash.tools.debugger.concrete.PlayerSessionManager.accept(Lflash/tools/debugger/IProgress;)Lflash/tools/debugger/Session;+3
v  ~StubRoutines::call_stub
V  [jvm.dll+0x141eda]
V  [jvm.dll+0x2061ee]
V  [jvm.dll+0x141f5d]
V  [jvm.dll+0xcb4c2]
V  [jvm.dll+0xcd6b3]
C  [mscorwks.dll+0x1d39]
C  0x0085bfcf
C  0x04f8bfff
C  0x02580f6c
C  0x07a0f71a
C  0x07a0f615
C  [System.ni.dll+0x4a177d]
C  [System.ni.dll+0x4a14de]
C  [mscorwks.dll+0x1b6c]
C  [mscorwks.dll+0x18fba]
C  [mscorwks.dll+0x301473]
C  [mscorwks.dll+0x30190a]
C  [mscorlib.ni.dll+0x1b95c3]
C  [mscorlib.ni.dll+0x7b75b6]
C  [mscorlib.ni.dll+0x7b7578]
C  [mscorlib.ni.dll+0x20a913]
C  [mscorlib.ni.dll+0x20a7a9]
C  [mscorwks.dll+0x1b6c]
C  [mscorwks.dll+0x18fba]
C  [mscorwks.dll+0x195ab]
C  [mscorwks.dll+0x195ec]
C  [mscorwks.dll+0x19659]
C  [mscorwks.dll+0xa5ebf]
C  [mscorwks.dll+0x4547f]
C  [mscorwks.dll+0x4541b]
C  [mscorwks.dll+0x4533a]
C  [mscorwks.dll+0x454cd]
C  [mscorwks.dll+0x49274]
C  [mscorwks.dll+0xa5b54]
C  [mscorwks.dll+0x48f0d]
C  [mscorwks.dll+0x160ae9]
C  [KERNEL32.dll+0x1919f]
C  [ntdll.dll+0x50bbb]
C  [ntdll.dll+0x50b91]

Java frames: (J=compiled Java code, j=interpreted, Vv=VM code)
j  flash.tools.debugger.__IProgress.setProgress(II)V+0
j  flash.tools.debugger.concrete.PlayerSessionManager.accept(Lflash/tools/debugger/concrete/ProcessListener;Lflash/tools/debugger/IProgress;)Lflash/tools/debugger/Session;+96
j  flash.tools.debugger.concrete.PlayerSessionManager.accept(Lflash/tools/debugger/IProgress;)Lflash/tools/debugger/Session;+3
v  ~StubRoutines::call_stub

---------------  P R O C E S S  ---------------

Java Threads: ( => current thread )
  0x0fa6d800 JavaThread "Thread-5" daemon [_thread_in_native, id=7824, stack(0x0af90000,0x0b090000)]
  0x07721400 JavaThread "Thread-4" daemon [_thread_in_native, id=7368, stack(0x0c390000,0x0c490000)]
  0x078bec00 JavaThread "Thread-3" daemon [_thread_in_native, id=5312, stack(0x0c290000,0x0c390000)]
=>0x077b5800 JavaThread "Thread-2" daemon [_thread_in_native, id=7768, stack(0x0c490000,0x0c590000)]
  0x07797400 JavaThread "Thread-1" daemon [_thread_in_native, id=6980, stack(0x023e0000,0x024e0000)]
  0x07751000 JavaThread "Thread-0" daemon [_thread_in_native, id=988, stack(0x0aaf0000,0x0abf0000)]
  0x06b05800 JavaThread "Service Thread" daemon [_thread_blocked, id=1796, stack(0x07480000,0x07580000)]
  0x06b04000 JavaThread "C1 CompilerThread0" daemon [_thread_blocked, id=6900, stack(0x07340000,0x07440000)]
  0x06b02000 JavaThread "Attach Listener" daemon [_thread_blocked, id=4316, stack(0x07200000,0x07300000)]
  0x06b00000 JavaThread "Signal Dispatcher" daemon [_thread_blocked, id=2616, stack(0x070c0000,0x071c0000)]
  0x06a91000 JavaThread "Finalizer" daemon [_thread_blocked, id=7404, stack(0x06f80000,0x07080000)]
  0x06a8f800 JavaThread "Reference Handler" daemon [_thread_blocked, id=3176, stack(0x06e40000,0x06f40000)]
  0x04f4c000 JavaThread "main" [_thread_in_native, id=2444, stack(0x00620000,0x00720000)]

Other Threads:
  0x06a8e400 VMThread [stack: 0x06d00000,0x06e00000] [id=6676]
  0x06b0d400 WatcherThread [stack: 0x075c0000,0x076c0000] [id=2988]

VM state:not at safepoint (normal execution)

VM Mutex/Monitor currently owned by a thread: None

Heap
 def new generation   total 4928K, used 2281K [0x24800000, 0x24d50000, 0x29d50000)
  eden space 4416K,  40% used [0x24800000, 0x249ba410, 0x24c50000)
  from space 512K, 100% used [0x24c50000, 0x24cd0000, 0x24cd0000)
  to   space 512K,   0% used [0x24cd0000, 0x24cd0000, 0x24d50000)
 tenured generation   total 10944K, used 7556K [0x29d50000, 0x2a800000, 0x34800000)
   the space 10944K,  69% used [0x29d50000, 0x2a4b12d0, 0x2a4b1400, 0x2a800000)
 compacting perm gen  total 12288K, used 1850K [0x34800000, 0x35400000, 0x38800000)
   the space 12288K,  15% used [0x34800000, 0x349ce8d0, 0x349cea00, 0x35400000)
    ro space 10240K,  42% used [0x38800000, 0x38c34e48, 0x38c35000, 0x39200000)
    rw space 12288K,  51% used [0x39200000, 0x3983aac0, 0x3983ac00, 0x39e00000)

Card table byte_map: [0x06bf0000,0x06ca0000] byte_map_base: 0x06acc000

Polling page: 0x04ed0000

Code Cache  [0x120b0000, 0x121d8000, 0x140b0000)
 total_blobs=487 nmethods=347 adapters=77 free_code_cache=31588Kb largest_free_block=32346688

Compilation events (10 events):
Event: 17403.172 Thread 0x06b04000  346             java.net.InetAddress$InetAddressHolder::<init> (5 bytes)
Event: 17403.172 Thread 0x06b04000 nmethod 346 0x121d5fc8 code [0x121d60c0, 0x121d6140]
Event: 17409.705 Thread 0x06b04000  347             java.net.AbstractPlainSocketImpl::<init> (67 bytes)
Event: 17409.705 Thread 0x06b04000 nmethod 347 0x121d6188 code [0x121d6280, 0x121d63f0]
Event: 17410.905 Thread 0x06b04000  348             java.net.InetAddress::<init> (21 bytes)
Event: 17410.906 Thread 0x06b04000 nmethod 348 0x121d64c8 code [0x121d65c0, 0x121d66a0]
Event: 17415.215 Thread 0x06b04000  349             java.io.FileDescriptor::valid (25 bytes)
Event: 17415.216 Thread 0x06b04000 nmethod 349 0x121d6708 code [0x121d6800, 0x121d68c0]
Event: 17419.633 Thread 0x06b04000  351             java.io.FileDescriptor::<init> (28 bytes)
Event: 17419.634 Thread 0x06b04000 nmethod 351 0x121d6b88 code [0x121d6c80, 0x121d6d60]

GC Heap History (10 events):
Event: 1217.405 GC heap before
{Heap before GC invocations=3 (full 0):
 def new generation   total 4928K, used 4928K [0x24800000, 0x24d50000, 0x29d50000)
  eden space 4416K, 100% used [0x24800000, 0x24c50000, 0x24c50000)
  from space 512K, 100% used [0x24cd0000, 0x24d50000, 0x24d50000)
  to   space 512K,   0% used [0x24c50000, 0x24c50000, 0x24cd0000)
 tenured generation   total 10944K, used 3732K [0x29d50000, 0x2a800000, 0x34800000)
   the space 10944K,  34% used [0x29d50000, 0x2a0f5360, 0x2a0f5400, 0x2a800000)
 compacting perm gen  total 12288K, used 1850K [0x34800000, 0x35400000, 0x38800000)
   the space 12288K,  15% used [0x34800000, 0x349ce8a0, 0x349cea00, 0x35400000)
    ro space 10240K,  42% used [0x38800000, 0x38c34e48, 0x38c35000, 0x39200000)
    rw space 12288K,  51% used [0x39200000, 0x3983aac0, 0x3983ac00, 0x39e00000)
Event: 1217.410 GC heap after
Heap after GC invocations=4 (full 0):
 def new generation   total 4928K, used 512K [0x24800000, 0x24d50000, 0x29d50000)
  eden space 4416K,   0% used [0x24800000, 0x24800000, 0x24c50000)
  from space 512K, 100% used [0x24c50000, 0x24cd0000, 0x24cd0000)
  to   space 512K,   0% used [0x24cd0000, 0x24cd0000, 0x24d50000)
 tenured generation   total 10944K, used 4918K [0x29d50000, 0x2a800000, 0x34800000)
   the space 10944K,  44% used [0x29d50000, 0x2a21da58, 0x2a21dc00, 0x2a800000)
 compacting perm gen  total 12288K, used 1850K [0x34800000, 0x35400000, 0x38800000)
   the space 12288K,  15% used [0x34800000, 0x349ce8a0, 0x349cea00, 0x35400000)
    ro space 10240K,  42% used [0x38800000, 0x38c34e48, 0x38c35000, 0x39200000)
    rw space 12288K,  51% used [0x39200000, 0x3983aac0, 0x3983ac00, 0x39e00000)
}
Event: 1669.672 GC heap before
{Heap before GC invocations=4 (full 0):
 def new generation   total 4928K, used 4928K [0x24800000, 0x24d50000, 0x29d50000)
  eden space 4416K, 100% used [0x24800000, 0x24c50000, 0x24c50000)
  from space 512K, 100% used [0x24c50000, 0x24cd0000, 0x24cd0000)
  to   space 512K,   0% used [0x24cd0000, 0x24cd0000, 0x24d50000)
 tenured generation   total 10944K, used 4918K [0x29d50000, 0x2a800000, 0x34800000)
   the space 10944K,  44% used [0x29d50000, 0x2a21da58, 0x2a21dc00, 0x2a800000)
 compacting perm gen  total 12288K, used 1850K [0x34800000, 0x35400000, 0x38800000)
   the space 12288K,  15% used [0x34800000, 0x349ce8d0, 0x349cea00, 0x35400000)
    ro space 10240K,  42% used [0x38800000, 0x38c34e48, 0x38c35000, 0x39200000)
    rw space 12288K,  51% used [0x39200000, 0x3983aac0, 0x3983ac00, 0x39e00000)
Event: 1669.674 GC heap after
Heap after GC invocations=5 (full 0):
 def new generation   total 4928K, used 512K [0x24800000, 0x24d50000, 0x29d50000)
  eden space 4416K,   0% used [0x24800000, 0x24800000, 0x24c50000)
  from space 512K, 100% used [0x24cd0000, 0x24d50000, 0x24d50000)
  to   space 512K,   0% used [0x24c50000, 0x24c50000, 0x24cd0000)
 tenured generation   total 10944K, used 5535K [0x29d50000, 0x2a800000, 0x34800000)
   the space 10944K,  50% used [0x29d50000, 0x2a2b7df8, 0x2a2b7e00, 0x2a800000)
 compacting perm gen  total 12288K, used 1850K [0x34800000, 0x35400000, 0x38800000)
   the space 12288K,  15% used [0x34800000, 0x349ce8d0, 0x349cea00, 0x35400000)
    ro space 10240K,  42% used [0x38800000, 0x38c34e48, 0x38c35000, 0x39200000)
    rw space 12288K,  51% used [0x39200000, 0x3983aac0, 0x3983ac00, 0x39e00000)
}
Event: 1828.359 GC heap before
{Heap before GC invocations=5 (full 0):
 def new generation   total 4928K, used 4928K [0x24800000, 0x24d50000, 0x29d50000)
  eden space 4416K, 100% used [0x24800000, 0x24c50000, 0x24c50000)
  from space 512K, 100% used [0x24cd0000, 0x24d50000, 0x24d50000)
  to   space 512K,   0% used [0x24c50000, 0x24c50000, 0x24cd0000)
 tenured generation   total 10944K, used 5535K [0x29d50000, 0x2a800000, 0x34800000)
   the space 10944K,  50% used [0x29d50000, 0x2a2b7df8, 0x2a2b7e00, 0x2a800000)
 compacting perm gen  total 12288K, used 1850K [0x34800000, 0x35400000, 0x38800000)
   the space 12288K,  15% used [0x34800000, 0x349ce8d0, 0x349cea00, 0x35400000)
    ro space 10240K,  42% used [0x38800000, 0x38c34e48, 0x38c35000, 0x39200000)
    rw space 12288K,  51% used [0x39200000, 0x3983aac0, 0x3983ac00, 0x39e00000)
Event: 1828.360 GC heap after
Heap after GC invocations=6 (full 0):
 def new generation   total 4928K, used 512K [0x24800000, 0x24d50000, 0x29d50000)
  eden space 4416K,   0% used [0x24800000, 0x24800000, 0x24c50000)
  from space 512K, 100% used [0x24c50000, 0x24cd0000, 0x24cd0000)
  to   space 512K,   0% used [0x24cd0000, 0x24cd0000, 0x24d50000)
 tenured generation   total 10944K, used 6041K [0x29d50000, 0x2a800000, 0x34800000)
   the space 10944K,  55% used [0x29d50000, 0x2a3367e0, 0x2a336800, 0x2a800000)
 compacting perm gen  total 12288K, used 1850K [0x34800000, 0x35400000, 0x38800000)
   the space 12288K,  15% used [0x34800000, 0x349ce8d0, 0x349cea00, 0x35400000)
    ro space 10240K,  42% used [0x38800000, 0x38c34e48, 0x38c35000, 0x39200000)
    rw space 12288K,  51% used [0x39200000, 0x3983aac0, 0x3983ac00, 0x39e00000)
}
Event: 12315.981 GC heap before
{Heap before GC invocations=6 (full 0):
 def new generation   total 4928K, used 4928K [0x24800000, 0x24d50000, 0x29d50000)
  eden space 4416K, 100% used [0x24800000, 0x24c50000, 0x24c50000)
  from space 512K, 100% used [0x24c50000, 0x24cd0000, 0x24cd0000)
  to   space 512K,   0% used [0x24cd0000, 0x24cd0000, 0x24d50000)
 tenured generation   total 10944K, used 6041K [0x29d50000, 0x2a800000, 0x34800000)
   the space 10944K,  55% used [0x29d50000, 0x2a3367e0, 0x2a336800, 0x2a800000)
 compacting perm gen  total 12288K, used 1850K [0x34800000, 0x35400000, 0x38800000)
   the space 12288K,  15% used [0x34800000, 0x349ce8d0, 0x349cea00, 0x35400000)
    ro space 10240K,  42% used [0x38800000, 0x38c34e48, 0x38c35000, 0x39200000)
    rw space 12288K,  51% used [0x39200000, 0x3983aac0, 0x3983ac00, 0x39e00000)
Event: 12315.982 GC heap after
Heap after GC invocations=7 (full 0):
 def new generation   total 4928K, used 512K [0x24800000, 0x24d50000, 0x29d50000)
  eden space 4416K,   0% used [0x24800000, 0x24800000, 0x24c50000)
  from space 512K, 100% used [0x24cd0000, 0x24d50000, 0x24d50000)
  to   space 512K,   0% used [0x24c50000, 0x24c50000, 0x24cd0000)
 tenured generation   total 10944K, used 6159K [0x29d50000, 0x2a800000, 0x34800000)
   the space 10944K,  56% used [0x29d50000, 0x2a353dd8, 0x2a353e00, 0x2a800000)
 compacting perm gen  total 12288K, used 1850K [0x34800000, 0x35400000, 0x38800000)
   the space 12288K,  15% used [0x34800000, 0x349ce8d0, 0x349cea00, 0x35400000)
    ro space 10240K,  42% used [0x38800000, 0x38c34e48, 0x38c35000, 0x39200000)
    rw space 12288K,  51% used [0x39200000, 0x3983aac0, 0x3983ac00, 0x39e00000)
}
Event: 14265.862 GC heap before
{Heap before GC invocations=7 (full 0):
 def new generation   total 4928K, used 4928K [0x24800000, 0x24d50000, 0x29d50000)
  eden space 4416K, 100% used [0x24800000, 0x24c50000, 0x24c50000)
  from space 512K, 100% used [0x24cd0000, 0x24d50000, 0x24d50000)
  to   space 512K,   0% used [0x24c50000, 0x24c50000, 0x24cd0000)
 tenured generation   total 10944K, used 6159K [0x29d50000, 0x2a800000, 0x34800000)
   the space 10944K,  56% used [0x29d50000, 0x2a353dd8, 0x2a353e00, 0x2a800000)
 compacting perm gen  total 12288K, used 1850K [0x34800000, 0x35400000, 0x38800000)
   the space 12288K,  15% used [0x34800000, 0x349ce8d0, 0x349cea00, 0x35400000)
    ro space 10240K,  42% used [0x38800000, 0x38c34e48, 0x38c35000, 0x39200000)
    rw space 12288K,  51% used [0x39200000, 0x3983aac0, 0x3983ac00, 0x39e00000)
Event: 14265.864 GC heap after
Heap after GC invocations=8 (full 0):
 def new generation   total 4928K, used 512K [0x24800000, 0x24d50000, 0x29d50000)
  eden space 4416K,   0% used [0x24800000, 0x24800000, 0x24c50000)
  from space 512K, 100% used [0x24c50000, 0x24cd0000, 0x24cd0000)
  to   space 512K,   0% used [0x24cd0000, 0x24cd0000, 0x24d50000)
 tenured generation   total 10944K, used 7556K [0x29d50000, 0x2a800000, 0x34800000)
   the space 10944K,  69% used [0x29d50000, 0x2a4b12d0, 0x2a4b1400, 0x2a800000)
 compacting perm gen  total 12288K, used 1850K [0x34800000, 0x35400000, 0x38800000)
   the space 12288K,  15% used [0x34800000, 0x349ce8d0, 0x349cea00, 0x35400000)
    ro space 10240K,  42% used [0x38800000, 0x38c34e48, 0x38c35000, 0x39200000)
    rw space 12288K,  51% used [0x39200000, 0x3983aac0, 0x3983ac00, 0x39e00000)
}

Deoptimization events (0 events):
No events

Internal exceptions (10 events):
Event: 17431.236 Thread 0x077b5800 Threw 0x249b81f8 at C:\re\jdk7u71\1605\hotspot\src\share\vm\prims\jni.cpp:743
Event: 17431.336 Thread 0x077b5800 Threw 0x249b8548 at C:\re\jdk7u71\1605\hotspot\src\share\vm\prims\jni.cpp:743
Event: 17431.441 Thread 0x077b5800 Threw 0x249b88a8 at C:\re\jdk7u71\1605\hotspot\src\share\vm\prims\jni.cpp:743
Event: 17431.541 Thread 0x077b5800 Threw 0x249b8bf8 at C:\re\jdk7u71\1605\hotspot\src\share\vm\prims\jni.cpp:743
Event: 17431.641 Thread 0x077b5800 Threw 0x249b8f48 at C:\re\jdk7u71\1605\hotspot\src\share\vm\prims\jni.cpp:743
Event: 17431.741 Thread 0x077b5800 Threw 0x249b92b8 at C:\re\jdk7u71\1605\hotspot\src\share\vm\prims\jni.cpp:743
Event: 17431.841 Thread 0x077b5800 Threw 0x249b9608 at C:\re\jdk7u71\1605\hotspot\src\share\vm\prims\jni.cpp:743
Event: 17431.946 Thread 0x077b5800 Threw 0x249b9958 at C:\re\jdk7u71\1605\hotspot\src\share\vm\prims\jni.cpp:743
Event: 17432.046 Thread 0x077b5800 Threw 0x249b9cb8 at C:\re\jdk7u71\1605\hotspot\src\share\vm\prims\jni.cpp:743
Event: 17432.146 Thread 0x077b5800 Threw 0x249ba008 at C:\re\jdk7u71\1605\hotspot\src\share\vm\prims\jni.cpp:743

Events (10 events):
Event: 14904.765 Executing VM operation: RevokeBias done
Event: 14904.765 Thread 0x06b37400 Thread exited: 0x06b37400
Event: 15838.187 Executing VM operation: RevokeBias
Event: 15838.187 Executing VM operation: RevokeBias done
Event: 15838.187 Executing VM operation: RevokeBias
Event: 15838.187 Executing VM operation: RevokeBias done
Event: 15855.261 Executing VM operation: RevokeBias
Event: 15855.261 Executing VM operation: RevokeBias done
Event: 15855.261 Executing VM operation: RevokeBias
Event: 15855.261 Executing VM operation: RevokeBias done


Dynamic libraries:
0x00540000 - 0x0059a000 	C:\Program Files (x86)\FlashDevelop\FlashDevelop.exe
0x770f0000 - 0x77257000 	C:\Windows\SYSTEM32\ntdll.dll
0x722a0000 - 0x722f6000 	C:\Windows\SYSTEM32\MSCOREE.DLL
0x76660000 - 0x767a0000 	C:\Windows\SYSTEM32\KERNEL32.dll
0x76910000 - 0x769e0000 	C:\Windows\SYSTEM32\KERNELBASE.dll
0x769e0000 - 0x76a58000 	C:\Windows\SYSTEM32\ADVAPI32.dll
0x76a60000 - 0x76b1e000 	C:\Windows\SYSTEM32\msvcrt.dll
0x76e60000 - 0x76e9e000 	C:\Windows\SYSTEM32\sechost.dll
0x76530000 - 0x765e0000 	C:\Windows\SYSTEM32\RPCRT4.dll
0x74b00000 - 0x74b1d000 	C:\Windows\SYSTEM32\SspiCli.dll
0x74af0000 - 0x74af9000 	C:\Windows\SYSTEM32\CRYPTBASE.dll
0x74a90000 - 0x74ae2000 	C:\Windows\SYSTEM32\bcryptPrimitives.dll
0x721b0000 - 0x7222e000 	C:\Windows\Microsoft.NET\Framework\v4.0.30319\mscoreei.dll
0x762a0000 - 0x762e1000 	C:\Windows\SYSTEM32\SHLWAPI.dll
0x74c90000 - 0x74dde000 	C:\Windows\SYSTEM32\combase.dll
0x74b20000 - 0x74c6c000 	C:\Windows\SYSTEM32\USER32.dll
0x76100000 - 0x76207000 	C:\Windows\SYSTEM32\GDI32.dll
0x76810000 - 0x76835000 	C:\Windows\system32\IMM32.DLL
0x76430000 - 0x76527000 	C:\Windows\SYSTEM32\MSCTF.dll
0x6c700000 - 0x6ccb0000 	C:\Windows\Microsoft.NET\Framework\v2.0.50727\mscorwks.dll
0x6e2e0000 - 0x6e37b000 	C:\Windows\WinSxS\x86_microsoft.vc80.crt_1fc8b3b9a1e18e3b_8.0.50727.8428_none_d08a11e2442dc25d\MSVCR80.dll
0x74f40000 - 0x760f7000 	C:\Windows\SYSTEM32\shell32.dll
0x74a10000 - 0x74a86000 	C:\Windows\SYSTEM32\SHCORE.dll
0x747e0000 - 0x747ee000 	C:\Windows\SYSTEM32\profapi.dll
0x6bc00000 - 0x6c6fa000 	C:\Windows\assembly\NativeImages_v2.0.50727_32\mscorlib\5bd3374f05d46ba0563f44d032209f08\mscorlib.ni.dll
0x76b40000 - 0x76c4c000 	C:\Windows\SYSTEM32\ole32.dll
0x74920000 - 0x74929000 	C:\Windows\SYSTEM32\kernel.appcore.dll
0x74930000 - 0x74a0b000 	C:\Windows\system32\uxtheme.dll
0x6e280000 - 0x6e2db000 	C:\Windows\Microsoft.NET\Framework\v2.0.50727\mscorjit.dll
0x747c0000 - 0x747d8000 	C:\Windows\SYSTEM32\CRYPTSP.dll
0x74790000 - 0x747bf000 	C:\Windows\system32\rsaenh.dll
0x74770000 - 0x7478d000 	C:\Windows\SYSTEM32\bcrypt.dll
0x04f90000 - 0x05172000 	C:\Program Files (x86)\FlashDevelop\PluginCore.dll
0x6af60000 - 0x6b703000 	C:\Windows\assembly\NativeImages_v2.0.50727_32\System\4976746d2f27ea6b60301a84d6c3e4be\System.ni.dll
0x6d940000 - 0x6dac9000 	C:\Windows\assembly\NativeImages_v2.0.50727_32\System.Drawing\828956d62d94914af63efc7fb36d1120\System.Drawing.ni.dll
0x6a380000 - 0x6af5e000 	C:\Windows\assembly\NativeImages_v2.0.50727_32\System.Windows.Forms\6b1a3043fa76fc0f83502099411d2a10\System.Windows.Forms.ni.dll
0x69e40000 - 0x6a37b000 	C:\Windows\assembly\NativeImages_v2.0.50727_32\System.Xml\49201f5658aca21352debffb85ff41df\System.Xml.ni.dll
0x741d0000 - 0x741d9000 	C:\Windows\SYSTEM32\secur32.dll
0x6f680000 - 0x6f698000 	C:\Windows\system32\dwmapi.dll
0x6f6a0000 - 0x6f7ed000 	C:\Windows\WinSxS\x86_microsoft.windows.gdiplus_6595b64144ccf1df_1.1.9600.17227_none_dad9452e5bcb7986\gdiplus.dll
0x6e0b0000 - 0x6e225000 	C:\Windows\SYSTEM32\DWrite.dll
0x6e270000 - 0x6e276000 	C:\Windows\SYSTEM32\shfolder.dll
0x6df60000 - 0x6e0ad000 	C:\Windows\SYSTEM32\WindowsCodecs.dll
0x762f0000 - 0x76385000 	C:\Windows\SYSTEM32\oleaut32.dll
0x6ee50000 - 0x6f036000 	C:\Windows\WinSxS\x86_microsoft.windows.common-controls_6595b64144ccf1df_6.0.9600.17031_none_a9efdb8b01377ea7\comctl32.dll
0x09810000 - 0x09832000 	C:\Program Files (x86)\FlashDevelop\Plugins\AirProperties.dll
0x097b0000 - 0x097c0000 	C:\Program Files (x86)\FlashDevelop\Plugins\AS2Context.dll
0x09870000 - 0x0991c000 	C:\Program Files (x86)\FlashDevelop\Plugins\ASCompletion.dll
0x09a30000 - 0x09a56000 	C:\Program Files (x86)\FlashDevelop\Plugins\AS3Context.dll
0x09a60000 - 0x09a8a000 	C:\Program Files (x86)\FlashDevelop\Aga.dll
0x09ac0000 - 0x09aee000 	C:\Program Files (x86)\FlashDevelop\Plugins\XMLCompletion.dll
0x6f3c0000 - 0x6f3e5000 	C:\Windows\SYSTEM32\ntmarta.dll
0x09ce0000 - 0x09cf0000 	C:\Program Files (x86)\FlashDevelop\Plugins\ASClassWizard.dll
0x6ded0000 - 0x6df50000 	C:\Windows\SYSTEM32\RichEd20.DLL
0x6e250000 - 0x6e264000 	C:\Windows\SYSTEM32\USP10.dll
0x6de90000 - 0x6dec1000 	C:\Windows\SYSTEM32\msls31.dll
0x73fb0000 - 0x73fb8000 	C:\Windows\SYSTEM32\version.dll
0x09d10000 - 0x09d1a000 	C:\Program Files (x86)\FlashDevelop\Plugins\BasicCompletion.dll
0x09e40000 - 0x09e4c000 	C:\Program Files (x86)\FlashDevelop\Plugins\BookmarkPanel.dll
0x09e70000 - 0x09e78000 	C:\Program Files (x86)\FlashDevelop\Plugins\BridgeSettings.dll
0x09e90000 - 0x09e9a000 	C:\Program Files (x86)\FlashDevelop\Plugins\CodeAnalyzer.dll
0x09fd0000 - 0x0a052000 	C:\Program Files (x86)\FlashDevelop\Plugins\CodeFormatter.dll
0x09ec0000 - 0x09ee4000 	C:\Program Files (x86)\FlashDevelop\Antlr3.dll
0x0a060000 - 0x0a072000 	C:\Program Files (x86)\FlashDevelop\Plugins\CodeRefactor.dll
0x0a0b0000 - 0x0a0bc000 	C:\Program Files (x86)\FlashDevelop\Plugins\CssCompletion.dll
0x0a0c0000 - 0x0a0c8000 	C:\Program Files (x86)\FlashDevelop\Plugins\DataEncoder.dll
0x0a0e0000 - 0x0a112000 	C:\Program Files (x86)\FlashDevelop\Plugins\fdb.j4n.dll
0x0a320000 - 0x0a400000 	C:\Program Files (x86)\FlashDevelop\Plugins\jni4net.n-0.8.4.0.dll
0x0a190000 - 0x0a19e000 	C:\Program Files (x86)\FlashDevelop\Plugins\FileExplorer.dll
0x0a1b0000 - 0x0a1ba000 	C:\Program Files (x86)\FlashDevelop\Plugins\FlashConnect.dll
0x76e10000 - 0x76e5d000 	C:\Windows\SYSTEM32\ws2_32.dll
0x74c70000 - 0x74c77000 	C:\Windows\SYSTEM32\NSI.dll
0x727c0000 - 0x72805000 	C:\Windows\system32\mswsock.dll
0x6dc80000 - 0x6dd73000 	C:\Windows\assembly\NativeImages_v2.0.50727_32\System.Configuration\0f06c6152e5384e75e9517c79ed500d4\System.Configuration.ni.dll
0x0a540000 - 0x0a562000 	C:\Program Files (x86)\FlashDevelop\Plugins\FlashDebugger.dll
0x0a5a0000 - 0x0a5ac000 	C:\Program Files (x86)\FlashDevelop\Plugins\FlashLogViewer.dll
0x0a600000 - 0x0a614000 	C:\Program Files (x86)\FlashDevelop\Plugins\FlashViewer.dll
0x0a660000 - 0x0a6ca000 	C:\Program Files (x86)\FlashDevelop\Plugins\ProjectManager.dll
0x0a740000 - 0x0a754000 	C:\Program Files (x86)\FlashDevelop\Plugins\HaXeContext.dll
0x6e240000 - 0x6e24a000 	C:\Program Files (x86)\FlashDevelop\Plugins\jni4net.n.w32.v20-0.8.4.0.dll
0x0a800000 - 0x0a80e000 	C:\Program Files (x86)\FlashDevelop\Plugins\LayoutManager.dll
0x69400000 - 0x69e34000 	C:\Windows\assembly\NativeImages_v2.0.50727_32\System.Design\856cea31b34718d1951d2b2ec4f8d0a9\System.Design.ni.dll
0x0a850000 - 0x0a862000 	C:\Program Files (x86)\FlashDevelop\Plugins\LoomContext.dll
0x0a8a0000 - 0x0a8ac000 	C:\Program Files (x86)\FlashDevelop\Plugins\MacroManager.dll
0x0a8b0000 - 0x0a8bc000 	C:\Program Files (x86)\FlashDevelop\Plugins\OutputPanel.dll
0x0aa30000 - 0x0aa3c000 	C:\Program Files (x86)\FlashDevelop\Plugins\PHPContext.dll
0x0aa90000 - 0x0aaae000 	C:\Program Files (x86)\FlashDevelop\SwfOp.dll
0x6d870000 - 0x6d931000 	C:\Windows\assembly\NativeImages_v2.0.50727_32\System.Runtime.Remo#\7230212927709d8f1309a0c8383dd492\System.Runtime.Remoting.ni.dll
0x0ad40000 - 0x0ad4c000 	C:\Program Files (x86)\FlashDevelop\Plugins\ResultsPanel.dll
0x0ad60000 - 0x0ad76000 	C:\Program Files (x86)\FlashDevelop\Plugins\SourceControl.dll
0x0adb0000 - 0x0adba000 	C:\Program Files (x86)\FlashDevelop\Plugins\StartPage.dll
0x68890000 - 0x693f3000 	C:\Windows\assembly\NativeImages_v2.0.50727_32\System.Web\6074b87793a7906a01317ea8832e7330\System.Web.ni.dll
0x0add0000 - 0x0addc000 	C:\Program Files (x86)\FlashDevelop\Plugins\TaskListPanel.dll
0x76c50000 - 0x76dfd000 	C:\Windows\SYSTEM32\SETUPAPI.dll
0x76840000 - 0x7687a000 	C:\Windows\SYSTEM32\CFGMGR32.dll
0x765e0000 - 0x7665d000 	C:\Windows\SYSTEM32\clbcatq.dll
0x747f0000 - 0x74915000 	C:\Windows\system32\propsys.dll
0x10000000 - 0x100a8000 	C:\Program Files (x86)\FlashDevelop\SciLexer.dll
0x6ddd0000 - 0x6ddd6000 	C:\Windows\SYSTEM32\Msimg32.DLL
0x6de70000 - 0x6de8f000 	C:\Windows\SYSTEM32\thumbcache.dll
0x6f060000 - 0x6f0f9000 	C:\Windows\system32\apphelp.dll
0x6b710000 - 0x6b78b000 	C:\Windows\SYSTEM32\sxs.dll
0x68740000 - 0x6888a000 	C:\Windows\SYSTEM32\urlmon.dll
0x743e0000 - 0x74612000 	C:\Windows\SYSTEM32\iertutil.dll
0x74200000 - 0x743d6000 	C:\Windows\SYSTEM32\WININET.dll
0x741e0000 - 0x741f9000 	C:\Windows\SYSTEM32\USERENV.dll
0x683b0000 - 0x68739000 	C:\Program Files (x86)\Java\jre7\bin\client\jvm.dll
0x72840000 - 0x72848000 	C:\Windows\SYSTEM32\WSOCK32.dll
0x73b20000 - 0x73b40000 	C:\Windows\SYSTEM32\WINMM.dll
0x74de0000 - 0x74de6000 	C:\Windows\SYSTEM32\PSAPI.DLL
0x73fd0000 - 0x7408f000 	C:\Windows\SYSTEM32\MSVCR100.dll
0x728c0000 - 0x728e0000 	C:\Windows\SYSTEM32\WINMMBASE.dll
0x728a0000 - 0x728bf000 	C:\Windows\SYSTEM32\DEVOBJ.dll
0x6e230000 - 0x6e23c000 	C:\Program Files (x86)\Java\jre7\bin\verify.dll
0x6de10000 - 0x6de30000 	C:\Program Files (x86)\Java\jre7\bin\java.dll
0x6ddf0000 - 0x6de03000 	C:\Program Files (x86)\Java\jre7\bin\zip.dll
0x6dc60000 - 0x6dc74000 	C:\Program Files (x86)\Java\jre7\bin\net.dll
0x5fd60000 - 0x5fe63000 	C:\Windows\SYSTEM32\actxprxy.dll
0x68230000 - 0x6823f000 	C:\Windows\system32\mssprxy.dll
0x5ee60000 - 0x5efa8000 	C:\Windows\SYSTEM32\dbghelp.dll

VM Arguments:
java_command: <unknown>
Launcher Type: generic

Environment Variables:
PATH=C:\Program Files (x86)\NVIDIA Corporation\PhysX\Common;C:\Program Files (x86)\Intel\iCLS Client\;C:\Program Files\Intel\iCLS Client\;C:\Windows\system32;C:\Windows;C:\Windows\System32\Wbem;C:\Windows\System32\WindowsPowerShell\v1.0\;C:\Program Files\Intel\Intel(R) Management Engine Components\DAL;C:\Program Files\Intel\Intel(R) Management Engine Components\IPT;C:\Program Files (x86)\Intel\Intel(R) Management Engine Components\DAL;C:\Program Files (x86)\Intel\Intel(R) Management Engine Components\IPT;C:\Program Files (x86)\ATI Technologies\ATI.ACE\Core-Static;C:\Program Files\Microsoft SQL Server\110\Tools\Binn\;C:\Program Files (x86)\Microsoft SQL Server\110\Tools\Binn\ManagementStudio\;C:\Program Files (x86)\Microsoft SQL Server\110\Tools\Binn\;C:\Program Files (x86)\Microsoft SQL Server\110\DTS\Binn\;C:\Program Files\Microsoft SQL Server\110\DTS\Binn\;C:\Program Files (x86)\Intel\iCLS Client\;C:\Program Files\Intel\iCLS Client\;C:\Windows\system32;C:\Windows;C:\Windows\System32\Wbem;C:\Windows\System32\WindowsPowerShell\v1.0\;C:\Program Files\Intel\Intel(R) Management Engine Components\DAL;C:\Program Files\Intel\Intel(R) Management Engine Components\IPT;C:\Program Files (x86)\Intel\Intel(R) Management Engine Components\DAL;C:\Program Files (x86)\Intel\Intel(R) Management Engine Components\IPT;C:\Program Files (x86)\ATI Technologies\ATI.ACE\Core-Static;C:\Program Files\Microsoft SQL Server\110\Tools\Binn\;C:\Python34;C:\Program Files (x86)\FlashDevelop\Tools\AppMan
USERNAME=Kim
OS=Windows_NT
PROCESSOR_IDENTIFIER=Intel64 Family 6 Model 60 Stepping 3, GenuineIntel



---------------  S Y S T E M  ---------------

OS: Windows 8 , 64 bit Build 9200 

CPU:total 8 (4 cores per cpu, 2 threads per core) family 6 model 60 stepping 3, cmov, cx8, fxsr, mmx, sse, sse2, sse3, ssse3, sse4.1, sse4.2, popcnt, avx, avx2, aes, erms, ht, tsc, tscinvbit

Memory: 4k page, physical 16719844k(14205692k free), swap 33497060k(29979088k free)

vm_info: Java HotSpot(TM) Client VM (24.71-b01) for windows-x86 JRE (1.7.0_71-b14), built on Sep 26 2014 16:30:49 by "java_re" with unknown MS VC++:1600

time: Fri Nov 28 00:10:07 2014
elapsed time: 17432 seconds

